<?xml version="1.0" encoding="UTF-8"?><testsuite errors="0" failures="0" name="in.reqres.reqresinfo.UsersCRUDTest" skipped="0" tests="13" time="4.34" timestamp="2022-06-08T21:38:00.482-11:00[GMT-11:00]"><testcase classname="in.reqres.reqresinfo.UsersCRUDTest" name="This will create a user"/><testcase classname="in.reqres.reqresinfo.UsersCRUDTest" name="This will login a user"/><testcase classname="in.reqres.reqresinfo.UsersCRUDTest" name="This will update a user by PUT"/><testcase classname="in.reqres.reqresinfo.UsersCRUDTest" name="This will update a user by Patch"/><testcase classname="in.reqres.reqresinfo.UsersCRUDTest" name="This will update a user by Patch"/><testcase classname="in.reqres.reqresinfo.UsersCRUDTest" name="1. This will verify if Page = 2"/><testcase classname="in.reqres.reqresinfo.UsersCRUDTest" name="2. This will if verify Per_page = 6"/><testcase classname="in.reqres.reqresinfo.UsersCRUDTest" name="3. This will if verify second data id = 8"/><testcase classname="in.reqres.reqresinfo.UsersCRUDTest" name="4. This will if verify forth data first_name = Byron"/><testcase classname="in.reqres.reqresinfo.UsersCRUDTest" name="5. This will if verify list of data = 6"/><testcase classname="in.reqres.reqresinfo.UsersCRUDTest" name="6. This will if verify fifth data avatar=https://reqres.in/img/faces/12-image.jpg"/><testcase classname="in.reqres.reqresinfo.UsersCRUDTest" name="7. This will if verify support.url =https://reqres.in/#support-heading"/><testcase classname="in.reqres.reqresinfo.UsersCRUDTest" name="8. This will if verify support.text = To keep ReqRes free, contributions towards server costs are appreciated!"/></testsuite>